mode: set
hw6/pkg/items/repo_mock.go:26.63,30.2 3 0
hw6/pkg/items/repo_mock.go:33.61,35.2 1 0
hw6/pkg/items/repo_mock.go:38.64,44.2 5 0
hw6/pkg/items/repo_mock.go:47.73,50.2 2 0
hw6/pkg/items/repo_mock.go:53.57,59.2 5 0
hw6/pkg/items/repo_mock.go:62.74,65.2 2 0
hw6/pkg/items/repo_mock.go:68.51,74.2 5 0
hw6/pkg/items/repo_mock.go:77.60,80.2 2 0
hw6/pkg/items/repo_mock.go:83.59,89.2 5 0
hw6/pkg/items/repo_mock.go:92.75,95.2 2 0
hw6/pkg/items/repo_mock.go:98.61,104.2 5 0
hw6/pkg/items/repo_mock.go:107.79,110.2 2 0
hw6/pkg/items/repo.go:13.64,17.2 1 1
hw6/pkg/items/repo.go:19.60,22.16 3 0
hw6/pkg/items/repo.go:25.2,25.19 1 0
hw6/pkg/items/repo.go:22.16,24.3 1 0
hw6/pkg/items/repo.go:28.68,29.29 1 1
hw6/pkg/items/repo.go:32.2,35.16 4 1
hw6/pkg/items/repo.go:38.2,38.18 1 1
hw6/pkg/items/repo.go:29.29,31.3 1 1
hw6/pkg/items/repo.go:35.16,37.3 1 1
hw6/pkg/items/repo.go:42.84,60.16 4 1
hw6/pkg/items/repo.go:63.2,63.20 1 1
hw6/pkg/items/repo.go:60.16,62.3 1 0
hw6/pkg/items/repo.go:66.70,68.16 2 0
hw6/pkg/items/repo.go:71.2,71.18 1 0
hw6/pkg/items/repo.go:68.16,70.3 1 0
hw6/pkg/items/repo.go:74.66,75.29 1 0
hw6/pkg/items/repo.go:78.2,80.16 3 0
hw6/pkg/items/repo.go:83.2,83.18 1 0
hw6/pkg/items/repo.go:75.29,77.3 1 0
hw6/pkg/items/repo.go:80.16,82.3 1 0
